2026-06-17 12:49:42,021 | INFO | ====================================================================================================
2026-06-17 12:49:42,021 | INFO | Starting Optimization | Alpha=0.75
2026-06-17 12:49:42,045 | INFO | Variables Created : 1930
2026-06-17 12:49:42,061 | INFO | Constraints Created : 515
2026-06-17 12:49:42,062 | INFO | Optimization Started
2026-06-17 12:49:42,094 | INFO | Status      : 2
2026-06-17 12:49:42,094 | INFO | Runtime     : 0.03
2026-06-17 12:49:42,094 | INFO | Objective   : 492,049.50
2026-06-17 12:49:42,094 | INFO | MIP Gap     : 0.000000
2026-06-17 12:49:42,094 | INFO | Node Count  : 0.0
2026-06-17 12:49:42,094 | INFO | Solutions   : 2
2026-06-17 12:49:42,094 | INFO | Flights Served     : 58
2026-06-17 12:49:42,094 | INFO | Passengers Served  : 6995.0
2026-06-17 12:49:42,094 | INFO | Aircraft Utilized  : 11
2026-06-17 12:49:42,094 | INFO | Operated Flights
2026-06-17 12:49:42,094 | INFO | TranspCom#1: []
2026-06-17 12:49:42,094 | INFO | TranspCom#3: []
2026-06-17 12:49:42,094 | INFO | TranspCom#2: []
2026-06-17 12:49:42,094 | INFO | TranspCom#4: []
2026-06-17 12:49:42,094 | INFO | A320#22: [4576, 4577, 4578, 4575]
2026-06-17 12:49:42,094 | INFO | ERJ145#5: [4694, 4693, 4696, 4700, 4695]
2026-06-17 12:49:42,094 | INFO | A321#2: [4264, 4265, 4268, 4273, 4272, 4279, 4274, 4275]
2026-06-17 12:49:42,094 | INFO | A318#8: [3103, 3068, 3073, 3088, 3081, 3102]
2026-06-17 12:49:42,094 | INFO | A318#4: [3064, 3069, 3074, 3077, 3082, 3085, 3092, 3095]
2026-06-17 12:49:42,094 | INFO | A321#4: [4563, 4564, 4567, 4568, 4571, 4572]
2026-06-17 12:49:42,094 | INFO | A319#18: [4514, 4503, 4516, 4509, 4510, 4513]
2026-06-17 12:49:42,094 | INFO | A320#24: []
2026-06-17 12:49:42,094 | INFO | A319#11: [3107, 3108, 3097, 3086]
2026-06-17 12:49:42,094 | INFO | A318#5: [3065, 3070, 3075, 3080, 3083, 3090, 3093]
2026-06-17 12:49:42,094 | INFO | A319#13: []
2026-06-17 12:49:42,094 | INFO | A318#7: []
2026-06-17 12:49:42,094 | INFO | A320#11: []
2026-06-17 12:49:42,094 | INFO | A320#14: []
2026-06-17 12:49:42,094 | INFO | A319#5: [3111, 3112]
2026-06-17 12:49:42,094 | INFO | CRJ700#3: [3076, 3063]
2026-06-17 12:49:42,094 | INFO | A319#9: []
2026-06-17 12:50:31,284 | INFO | ====================================================================================================
2026-06-17 12:50:31,284 | INFO | Starting Optimization | Alpha=0.75
2026-06-17 12:50:31,304 | INFO | Variables Created : 1930
2026-06-17 12:50:31,318 | INFO | Constraints Created : 515
2026-06-17 12:50:31,318 | INFO | Optimization Started
2026-06-17 12:50:31,337 | INFO | Status      : 2
2026-06-17 12:50:31,338 | INFO | Runtime     : 0.02
2026-06-17 12:50:31,338 | INFO | Objective   : 492,049.50
2026-06-17 12:50:31,338 | INFO | MIP Gap     : 0.000000
2026-06-17 12:50:31,338 | INFO | Node Count  : 0.0
2026-06-17 12:50:31,338 | INFO | Solutions   : 2
2026-06-17 12:50:31,338 | INFO | Flights Served     : 58
2026-06-17 12:50:31,338 | INFO | Passengers Served  : 6995.0
2026-06-17 12:50:31,338 | INFO | Aircraft Utilized  : 11
2026-06-17 12:50:31,338 | INFO | Operated Flights
2026-06-17 12:50:31,338 | INFO | TranspCom#1: []
2026-06-17 12:50:31,338 | INFO | TranspCom#3: []
2026-06-17 12:50:31,338 | INFO | TranspCom#2: []
2026-06-17 12:50:31,338 | INFO | TranspCom#4: []
2026-06-17 12:50:31,338 | INFO | A320#22: [4576, 4577, 4578, 4575]
2026-06-17 12:50:31,338 | INFO | ERJ145#5: [4694, 4693, 4696, 4700, 4695]
2026-06-17 12:50:31,338 | INFO | A321#2: [4264, 4265, 4268, 4273, 4272, 4279, 4274, 4275]
2026-06-17 12:50:31,338 | INFO | A318#8: [3103, 3068, 3073, 3088, 3081, 3102]
2026-06-17 12:50:31,338 | INFO | A318#4: [3064, 3069, 3074, 3077, 3082, 3085, 3092, 3095]
2026-06-17 12:50:31,338 | INFO | A321#4: [4563, 4564, 4567, 4568, 4571, 4572]
2026-06-17 12:50:31,338 | INFO | A319#18: [4514, 4503, 4516, 4509, 4510, 4513]
2026-06-17 12:50:31,338 | INFO | A320#24: []
2026-06-17 12:50:31,338 | INFO | A319#11: [3107, 3108, 3097, 3086]
2026-06-17 12:50:31,338 | INFO | A318#5: [3065, 3070, 3075, 3080, 3083, 3090, 3093]
2026-06-17 12:50:31,338 | INFO | A319#13: []
2026-06-17 12:50:31,338 | INFO | A318#7: []
2026-06-17 12:50:31,338 | INFO | A320#11: []
2026-06-17 12:50:31,338 | INFO | A320#14: []
2026-06-17 12:50:31,338 | INFO | A319#5: [3111, 3112]
2026-06-17 12:50:31,338 | INFO | CRJ700#3: [3076, 3063]
2026-06-17 12:50:31,338 | INFO | A319#9: []
